#BIND_OUTPUT version: 3.0



#---------------------- SYMMETRY ANALYSIS ----------------------

1 Elements are present. They are:
  1 Identity.
   Equivalent Atoms: 1 -> 1, 2 -> 2, 3 -> 3, 4 -> 4, 5 -> 5, 6 -> 6, 7 -> 7, 8 -> 8, 9 -> 9, 10 -> 10, 11 -> 11, 12 -> 12, 13 -> 13, 14 -> 14, 15 -> 15, 16 -> 16, 17 -> 17, 18 -> 18, 19 -> 19, 20 -> 20, 21 -> 21, 22 -> 22, 23 -> 23, 24 -> 24, 

Here are the  Non-Redundant Elements which are present:
Identity.
   Equivalent Atoms: 1 -> 1, 2 -> 2, 3 -> 3, 4 -> 4, 5 -> 5, 6 -> 6, 7 -> 7, 8 -> 8, 9 -> 9, 10 -> 10, 11 -> 11, 12 -> 12, 13 -> 13, 14 -> 14, 15 -> 15, 16 -> 16, 17 -> 17, 18 -> 18, 19 -> 19, 20 -> 20, 21 -> 21, 22 -> 22, 23 -> 23, 24 -> 24, 

;-----------------------------------------------------------------
Allocating approximately   227.06 Kbytes (    0.22 Meg).
Each matrix is:     0.00 meg.

; Number of orbitals
#Num_Orbitals: 60
Error value from Diagonalization (0 is good): 0

#	******* Energies (in eV)  and Occupation Numbers *******
1:--->  -35.5097  [2.000 Electrons]
2:--->  -34.3051  [2.000 Electrons]
3:--->  -33.2726  [2.000 Electrons]
4:--->  -30.7798  [2.000 Electrons]
5:--->  -29.7219  [2.000 Electrons]
6:--->  -26.5374  [2.000 Electrons]
7:--->   -25.047  [2.000 Electrons]
8:--->  -23.3386  [2.000 Electrons]
9:--->  -21.7191  [2.000 Electrons]
10:--->   -20.298  [2.000 Electrons]
11:--->  -18.5488  [2.000 Electrons]
12:--->  -17.7946  [2.000 Electrons]
13:--->  -16.5314  [2.000 Electrons]
14:--->  -16.2966  [2.000 Electrons]
15:--->  -15.9891  [2.000 Electrons]
16:--->  -15.8893  [2.000 Electrons]
17:--->  -15.7947  [2.000 Electrons]
18:--->  -15.7364  [2.000 Electrons]
19:--->  -15.6829  [2.000 Electrons]
20:--->  -15.6065  [2.000 Electrons]
21:--->  -15.2833  [2.000 Electrons]
22:--->  -15.2385  [2.000 Electrons]
23:--->  -15.1772  [2.000 Electrons]
24:--->  -15.0548  [2.000 Electrons]
25:--->  -14.8392  [2.000 Electrons]
26:--->  -14.7404  [2.000 Electrons]
27:--->   -14.718  [2.000 Electrons]
28:--->  -14.6632  [2.000 Electrons]
29:--->  -14.5068  [2.000 Electrons]
30:--->  -13.9806  [2.000 Electrons]
31:--->  -13.8377  [2.000 Electrons]
32:--->  -13.5062  [2.000 Electrons]
33:--->  -13.3463  [2.000 Electrons]
34:--->  -11.4811  [2.000 Electrons]
35:--->  -9.23131  [0.000 Electrons]
36:--->  -8.50812  [0.000 Electrons]
37:--->   -6.6623  [0.000 Electrons]
38:--->  -0.601767  [0.000 Electrons]
39:--->  0.0581087  [0.000 Electrons]
40:--->  0.907873  [0.000 Electrons]
41:--->   2.46972  [0.000 Electrons]
42:--->   3.46172  [0.000 Electrons]
43:--->   4.02088  [0.000 Electrons]
44:--->   4.64285  [0.000 Electrons]
45:--->   4.83081  [0.000 Electrons]
46:--->   5.53766  [0.000 Electrons]
47:--->   6.04784  [0.000 Electrons]
48:--->   6.69379  [0.000 Electrons]
49:--->   9.04859  [0.000 Electrons]
50:--->   10.5829  [0.000 Electrons]
51:--->   12.4054  [0.000 Electrons]
52:--->   14.2176  [0.000 Electrons]
53:--->   18.6595  [0.000 Electrons]
54:--->   21.0876  [0.000 Electrons]
55:--->   25.7656  [0.000 Electrons]
56:--->   32.8932  [0.000 Electrons]
57:--->   35.8272  [0.000 Electrons]
58:--->   37.6309  [0.000 Electrons]
59:--->   44.4645  [0.000 Electrons]
60:--->   51.0302  [0.000 Electrons]
Total_Energy: -1289.55

# Characters of wavefunctions with respect to symmetry operations present.
;              1 
   1:--->  1.000 
   2:--->  1.000 
   3:--->  1.000 
   4:--->  1.000 
   5:--->  1.000 
   6:--->  1.000 
   7:--->  1.000 
   8:--->  1.000 
   9:--->  1.000 
  10:--->  1.000 
  11:--->  1.000 
  12:--->  1.000 
  13:--->  1.000 
  14:--->  1.000 
  15:--->  1.000 
  16:--->  1.000 
  17:--->  1.000 
  18:--->  1.000 
  19:--->  1.000 
  20:--->  1.000 
  21:--->  1.000 
  22:--->  1.000 
  23:--->  1.000 
  24:--->  1.000 
  25:--->  1.000 
  26:--->  1.000 
  27:--->  1.000 
  28:--->  1.000 
  29:--->  1.000 
  30:--->  1.000 
  31:--->  1.000 
  32:--->  1.000 
  33:--->  1.000 
  34:--->  1.000 
  35:--->  1.000 
  36:--->  1.000 
  37:--->  1.000 
  38:--->  1.000 
  39:--->  1.000 
  40:--->  1.000 
  41:--->  1.000 
  42:--->  1.000 
  43:--->  1.000 
  44:--->  1.000 
  45:--->  1.000 
  46:--->  1.000 
  47:--->  1.000 
  48:--->  1.000 
  49:--->  1.000 
  50:--->  1.000 
  51:--->  1.000 
  52:--->  1.000 
  53:--->  1.000 
  54:--->  1.000 
  55:--->  1.000 
  56:--->  1.000 
  57:--->  1.000 
  58:--->  1.000 
  59:--->  1.000 
  60:--->  1.000 

;   Reduced Mulliken Overlap Population Matrix for 68.000 electrons:

              1        2        3        4        5        6        7      
  1        2.3623    
  2        0.6882      4.5271    
  3        -0.0615     0.7919      2.1087    
  4        -0.0036     -0.0314     0.6112      7.1378    
  5        0.0008      -0.0799     1.2645      -0.0677     2.8139    
  6        -0.0000     0.0006      -0.0647     -0.0036     0.7433      3.8763    
  7        -0.0000     0.0000      -0.0024     0.0001      -0.0927     1.1158      2.2862    
  8        -0.0000     0.0000      0.0000      -0.0000     0.0024      -0.0634     0.7841    
  9        -0.0000     0.0000      -0.0000     0.0000      0.0002      -0.0066     -0.0179   
  10       0.0000      -0.0000     0.0000      -0.0000     -0.0000     -0.0000     -0.0011   
  11       0.0000      -0.0000     0.0000      -0.0000     -0.0000     0.0000      -0.0039   
  12       0.0000      -0.0080     -0.0749     0.0007      0.7868      -0.0476     -0.0126   
  13       0.7812      -0.0464     -0.0060     -0.0003     0.0001      -0.0000     0.0000    
  14       0.7834      -0.0393     0.0019      0.0000      -0.0000     0.0000      0.0000    
  15       0.7809      -0.0467     -0.0060     -0.0003     0.0001      -0.0000     -0.0000   
  16       -0.0520     0.7190      -0.0480     0.0006      -0.0079     0.0001      -0.0000   
  17       -0.0000     0.0001      -0.0102     0.0009      -0.0546     0.7119      -0.0659   
  18       -0.0000     -0.0000     0.0000      -0.0000     -0.0122     -0.0497     0.8072    
  19       -0.0000     0.0000      -0.0000     0.0000      -0.0000     0.0011      -0.0454   
  20       -0.0000     0.0000      -0.0000     -0.0000     0.0001      -0.0067     -0.0375   
  21       0.0000      -0.0000     0.0000      -0.0000     0.0000      -0.0000     0.0000    
  22       0.0000      0.0001      0.0013      -0.0000     -0.0475     -0.0068     -0.0011   
  23       0.0000      -0.0008     -0.0098     0.0000      -0.0475     0.0007      0.0002    
  24       0.0000      -0.0003     -0.0066     0.0000      -0.0513     0.0005      -0.0003   

              8        9        10       11       12       13       14     
  8        2.5225    
  9        0.8336      1.5329    
  10       -0.0452     0.6920      6.0853    
  11       -0.0640     0.8811      -0.0340     6.7599    
  12       0.0000      -0.0000     -0.0000     -0.0000     2.5535    
  13       -0.0000     0.0000      -0.0000     -0.0000     -0.0000     0.6735    
  14       0.0000      0.0000      -0.0000     -0.0000     -0.0000     -0.0425     0.6631    
  15       0.0000      -0.0000     0.0000      0.0000      -0.0000     -0.0456     -0.0425   
  16       0.0000      0.0000      -0.0000     -0.0000     -0.0015     0.0012      -0.0102   
  17       -0.0119     -0.0011     0.0002      0.0000      0.0015      -0.0000     0.0000    
  18       -0.0595     -0.0012     -0.0000     0.0000      -0.0033     0.0000      -0.0000   
  19       0.7721      -0.0394     0.0005      -0.0043     0.0000      0.0000      0.0000    
  20       0.7637      -0.0396     -0.0031     0.0004      0.0000      0.0000      0.0000    
  21       0.0006      -0.0629     0.5868      -0.0031     -0.0000     -0.0000     -0.0000   
  22       -0.0001     0.0000      -0.0000     0.0000      0.7794      0.0000      -0.0000   
  23       0.0000      0.0000      0.0000      0.0000      0.7774      -0.0000     0.0000    
  24       0.0000      0.0000      -0.0000     -0.0000     0.7744      0.0000      0.0000    

              15       16       17       18       19       20       21     
  15       0.6740    
  16       0.0011      0.4736    
  17       0.0000      -0.0000     0.4993    
  18       -0.0000     -0.0000     0.0029      0.6267    
  19       -0.0000     -0.0000     0.0001      -0.0102     0.6596    
  20       -0.0000     0.0000      -0.0005     0.0011      -0.0452     0.6483    
  21       0.0000      -0.0000     -0.0000     0.0000      -0.0000     0.0000      0.3255    
  22       0.0000      -0.0000     -0.0000     -0.0017     0.0000      -0.0000     0.0000    
  23       0.0000      -0.0011     0.0000      0.0000      -0.0000     -0.0000     0.0000    
  24       -0.0000     -0.0003     -0.0000     -0.0003     0.0000      0.0000      -0.0000   

              22       23       24     
  22       0.6622    
  23       -0.0423     0.6619    
  24       -0.0402     -0.0405     0.6618    

;    Net Atomic Charges for 68.000 electrons:
1 C: 0.178987
2 N: -0.500603
3 C: 0.700936
4 O: -1.391081
5 C: 0.017580
6 N: -0.038723
7 C: 0.500492
8 C: 0.021278
9 C: 1.348024
10 O: -0.683373
11 O: -1.146037
12 C: -0.039658
13 H: 0.005695
14 H: 0.011548
15 H: 0.005503
16 H: 0.225859
17 H: 0.213981
18 H: 0.036727
19 H: 0.025730
20 H: 0.035469
21 H: 0.413822
22 H: 0.017230
23 H: 0.019915
24 H: 0.020700
;      Total Charge is: -0.000000


; 		q-q-q-q-q-q-q-q  Charge Matrix q-q-q-q-q-q-q-q

;   Reduced Charge Matrix Independant of Occupation
      1        2        3        4        5        6        7      
   1  0.0000  0.0049  0.0000  0.0019  0.1818  0.0301  0.0134
   2  0.0000  0.0323  0.0000  0.0113  0.5307  0.0168  0.0032
   3  0.0000  0.2052  0.0000  0.0184  0.0931  0.0471  0.0099
   4  0.0000  0.7194  0.0000  0.0466  0.0605  0.0101  0.0010
   5  0.0000  0.0256  0.0000  0.1488  0.0034  0.1847  0.0556
   6  0.0003  0.0086  0.0000  0.4715  0.0285  0.0226  0.1134
   7  0.0010  0.0011  0.0001  0.2002  0.0177  0.1216  0.0618
   8  0.0132  0.0000  -0.0001  0.0291  0.0041  0.1891  0.2606
   9  0.2295  0.0000  0.1118  0.0014  0.0003  0.0342  0.0708
  10  0.3458  0.0000  0.4436  0.0010  0.0001  0.0045  0.0080
  11  0.3835  0.0000  0.3969  0.0025  0.0003  0.0096  0.0157
  12  0.0000  0.0014  0.0000  0.0251  0.0012  0.2081  0.1870
  13  0.0000  0.0000  0.0000  0.0000  0.0074  0.0031  0.0020
  14  0.0000  -0.0000  0.0000  0.0000  0.0075  0.0032  0.0021
  15  0.0000  0.0001  0.0000  0.0000  0.0073  0.0032  0.0020
  16  0.0000  0.0008  0.0000  0.0008  0.0516  0.0014  -0.0001
  17  0.0000  0.0006  0.0000  0.0322  0.0033  0.0003  0.0284
  18  -0.0001  -0.0000  0.0000  0.0062  0.0008  0.0101  0.0023
  19  -0.0001  0.0000  0.0001  0.0005  0.0001  0.0186  0.0390
  20  -0.0001  0.0000  0.0000  0.0006  0.0002  0.0187  0.0365
  21  0.0269  0.0000  0.0477  0.0003  0.0000  0.0021  0.0042
  22  0.0000  -0.0000  0.0000  0.0007  0.0000  0.0190  0.0264
  23  0.0000  -0.0000  0.0000  0.0004  0.0001  0.0210  0.0284
  24  0.0000  -0.0000  0.0000  0.0004  0.0000  0.0209  0.0283
      8        9        10       11       12       13       14     
   1  0.3202  0.0913  0.0184  0.0004  0.0289  0.1088  0.0000
   2  0.0947  0.0651  0.0337  0.0025  0.2006  0.1860  0.0000
   3  0.1138  0.1044  0.0596  0.0017  0.1068  0.0696  0.0002
   4  0.0224  0.0203  0.0196  0.0013  0.1034  0.0492  0.0011
   5  0.0373  0.1346  0.0512  0.0022  0.1030  0.0840  0.0022
   6  0.0022  0.0614  0.1145  0.0306  0.1627  0.1197  0.0119
   7  0.0022  0.0790  0.2032  0.0420  0.0297  0.0318  0.0191
   8  0.0034  0.0509  0.0760  0.1378  0.0067  0.0331  0.1292
   9  0.0016  0.0350  0.0721  0.1489  0.0007  0.0115  0.1213
  10  0.0002  0.0076  0.0337  0.2613  0.0002  0.0065  0.2507
  11  0.0003  0.0085  0.0257  0.1270  0.0005  0.0084  0.2994
  12  0.1038  0.0886  0.0180  0.0004  0.0605  0.0564  0.0024
  13  0.0706  0.0261  0.0056  0.0001  0.0066  0.0005  0.0000
  14  0.0726  0.0235  0.0032  0.0000  0.0031  0.0667  0.0000
  15  0.0709  0.0258  0.0054  0.0001  0.0060  0.0009  0.0000
  16  0.0121  0.0419  0.0221  0.0012  0.0801  0.0705  0.0000
  17  0.0000  -0.0001  0.0681  0.0122  0.0525  0.0348  0.0019
  18  0.0007  0.0334  0.1275  0.0256  0.0111  -0.0001  0.0009
  19  0.0007  0.0103  0.0023  0.0625  0.0041  0.0112  0.0046
  20  0.0007  0.0111  0.0088  0.0579  0.0001  0.0024  0.0861
  21  0.0001  0.0037  0.0146  0.0839  0.0000  0.0007  0.0678
  22  0.0266  0.0290  0.0040  0.0000  0.0058  0.0259  0.0000
  23  0.0204  0.0243  0.0072  0.0004  0.0156  0.0172  0.0003
  24  0.0222  0.0243  0.0053  0.0000  0.0112  0.0044  0.0008
      15       16       17       18       19       20       21     
   1  0.2106  0.0691  0.0895  0.0770  0.0686  0.0113  0.1685
   2  0.1216  0.0329  0.0319  0.0237  0.0232  0.0117  0.2541
   3  0.0642  0.0174  0.0124  0.0033  0.0418  0.0032  0.0312
   4  0.0633  0.0827  0.0954  0.0043  0.2406  0.0111  0.1049
   5  0.0457  0.0364  0.0170  0.0427  0.0171  0.0019  0.0222
   6  0.0469  0.1264  0.0534  0.0397  0.0358  0.0051  0.0230
   7  0.0316  0.1151  0.0410  0.0194  0.0150  0.0130  0.0179
   8  0.0137  0.0855  0.0344  0.0133  0.0269  0.0561  0.0729
   9  0.0026  0.0275  0.1060  0.0217  0.0511  0.0981  0.0111
  10  0.0050  0.0396  0.1371  0.0706  0.0791  0.3251  0.0442
  11  0.0017  0.0336  0.2045  0.0795  0.1161  0.3492  0.0547
  12  0.0768  0.0535  0.0340  0.2511  0.0880  0.0359  0.0206
  13  0.0928  0.0497  0.0122  0.0290  0.0176  0.0003  0.0451
  14  0.0007  0.0029  0.0304  0.0020  0.0337  0.0004  0.0009
  15  0.1077  0.0122  0.0402  0.0413  0.0155  0.0057  0.0062
  16  0.0008  0.0000  0.0065  0.0017  0.0000  0.0009  0.0369
  17  0.0107  0.0340  0.0155  0.0030  0.0213  0.0001  0.0040
  18  0.0144  0.0673  0.0014  0.0025  0.0098  0.0007  -0.0001
  19  0.0047  0.0539  0.0006  0.0024  0.0135  0.0002  0.0635
  20  0.0057  0.0190  0.0108  0.0073  0.0032  0.0251  0.0056
  21  0.0009  0.0060  0.0019  0.0036  -0.0001  0.0063  0.0008
  22  0.0085  0.0343  0.0000  0.0035  0.0563  0.0027  0.0095
  23  0.0203  0.0009  0.0029  0.0903  0.0003  0.0245  0.0007
  24  0.0491  0.0002  0.0211  0.1669  0.0256  0.0113  0.0016
      22       23       24       25       26       27       28     
   1  0.0429  0.0380  0.2254  0.0025  0.0033  0.0284  0.0045
   2  0.0670  0.0046  0.0453  0.0070  0.0039  0.0543  0.0028
   3  0.0254  0.0913  0.0331  0.0156  0.0020  0.0261  0.0029
   4  0.0947  0.6097  0.2106  0.1996  0.0093  0.2148  0.0901
   5  0.0130  0.0086  0.0287  0.0169  0.0059  0.0552  0.0264
   6  0.0658  0.0185  0.0171  0.1299  0.0136  0.0567  0.1112
   7  0.0165  0.0069  0.0023  0.0845  0.0066  0.0570  0.0597
   8  0.0335  0.0192  0.0348  0.0564  0.0040  0.0707  0.0923
   9  0.0049  0.0013  0.0007  0.0113  0.0006  0.0079  0.0223
  10  0.0168  0.0080  0.0048  0.1245  0.5717  0.1419  0.2415
  11  0.0235  0.0093  0.0014  0.1159  0.3588  0.0788  0.1688
  12  0.2451  0.0548  0.0302  0.0511  0.0062  0.0709  0.0216
  13  0.0004  0.0199  0.0439  0.0015  0.0006  0.0071  0.0004
  14  0.0152  0.0016  0.1705  0.0015  0.0033  0.0293  0.0040
  15  0.0029  0.0184  0.0631  0.0000  0.0004  0.0035  0.0005
  16  0.0022  0.0013  0.0320  0.0035  0.0007  0.0148  0.0000
  17  0.0136  0.0043  0.0020  0.0083  0.0000  0.0015  0.0012
  18  0.0033  0.0003  0.0020  0.0410  0.0023  0.0182  0.0331
  19  0.0329  0.0167  0.0227  0.0306  0.0018  0.0000  0.0647
  20  0.0060  0.0021  0.0192  0.0401  0.0027  0.0422  0.0308
  21  0.0002  0.0003  0.0005  0.0011  0.0003  0.0010  0.0097
  22  0.1149  0.0347  0.0093  0.0433  0.0001  0.0013  0.0005
  23  0.1584  0.0006  0.0002  0.0057  0.0018  0.0175  0.0104
  24  0.0007  0.0294  0.0003  0.0082  0.0001  0.0010  0.0005
      29       30       31       32       33       34       35     
   1  0.0011  0.0116  0.0024  0.0272  0.0270  0.0015  0.0001
   2  0.0105  0.0511  0.0057  0.2906  0.3296  0.2021  0.0115
   3  0.0020  0.0220  0.0221  0.1325  0.1007  0.1705  0.0497
   4  0.1843  0.0671  0.0838  0.1465  0.0904  0.0375  0.0045
   5  0.0148  0.1002  0.1092  0.1183  0.0698  0.4085  0.0013
   6  0.1857  0.2288  0.0281  0.0439  0.1192  0.0224  0.1555
   7  0.1063  0.0603  0.1147  0.0339  0.0473  0.0903  0.3617
   8  0.0352  0.1315  0.1858  0.0436  0.0429  0.0035  0.0022
   9  0.0016  0.0243  0.0541  0.0125  0.0224  0.0048  0.3028
  10  0.1064  0.0154  0.0341  0.0053  0.0069  0.0004  0.0276
  11  0.3117  0.1381  0.1810  0.0270  0.0392  0.0020  0.0518
  12  0.0117  0.0387  0.0906  0.0446  0.0380  0.0037  0.0027
  13  0.0003  0.0009  0.0000  0.0216  0.0240  0.0079  0.0003
  14  0.0014  0.0075  0.0004  0.0042  0.0023  0.0000  0.0000
  15  0.0000  0.0001  0.0000  0.0239  0.0261  0.0078  0.0004
  16  0.0019  0.0008  0.0000  0.0003  -0.0000  0.0001  0.0000
  17  -0.0000  0.0153  0.0187  0.0012  0.0002  0.0037  0.0000
  18  0.0053  0.0110  0.0457  0.0025  0.0024  0.0000  0.0003
  19  0.0043  0.0188  0.0002  0.0012  0.0000  0.0008  0.0072
  20  0.0028  0.0278  0.0010  0.0004  0.0040  0.0036  0.0198
  21  0.0000  0.0016  0.0047  0.0007  0.0012  0.0001  0.0004
  22  0.0070  0.0047  0.0103  0.0080  0.0046  0.0004  0.0000
  23  -0.0000  0.0020  0.0020  0.0025  0.0015  0.0121  0.0000
  24  0.0059  0.0203  0.0055  0.0077  0.0002  0.0162  0.0000
      36       37       38       39       40       41       42     
   1  0.0001  0.0006  0.0007  0.0407  0.3037  0.0773  0.2506
   2  0.0067  0.0456  0.0037  0.1031  0.2724  0.0603  0.0674
   3  0.0384  0.4312  0.0043  0.0845  0.0313  0.0683  0.0462
   4  0.0030  0.0249  0.0009  0.0196  0.0046  0.0017  0.0033
   5  0.0034  0.3743  0.0121  0.1358  0.0494  0.0130  0.0198
   6  0.0684  0.0543  0.0106  0.1530  0.0519  0.1143  0.0141
   7  0.2891  0.0300  0.0111  0.0175  0.0092  0.0799  0.0091
   8  0.0031  0.0005  0.0357  0.0219  0.0114  0.1101  0.0650
   9  0.4759  0.0025  0.1718  0.0110  0.0011  0.0005  0.0014
  10  0.0388  0.0001  0.2857  0.0234  0.0019  0.0077  0.0022
  11  0.0657  0.0002  0.0084  0.0005  0.0001  0.0012  0.0007
  12  0.0012  0.0022  0.0042  0.0739  0.0169  0.0444  0.1347
  13  0.0002  0.0014  0.0001  0.0078  0.0233  0.0036  0.0122
  14  0.0000  0.0000  0.0005  0.0121  0.0000  0.0470  0.1501
  15  0.0002  0.0016  0.0002  0.0074  0.0198  0.0030  0.0127
  16  0.0000  0.0002  0.0028  0.1016  0.1288  0.0253  0.0187
  17  0.0008  0.0043  0.0110  0.1038  0.0344  0.1261  0.0000
  18  0.0002  0.0002  0.0074  0.0152  0.0069  0.0464  0.0028
  19  0.0038  0.0000  0.0225  0.0009  0.0001  0.0627  0.0352
  20  0.0005  0.0006  0.0090  0.0011  0.0015  0.0497  0.0230
  21  0.0003  0.0000  0.3954  0.0338  0.0030  0.0209  0.0074
  22  0.0000  0.0005  0.0003  0.0044  0.0167  0.0296  0.0607
  23  0.0000  0.0097  0.0015  0.0217  0.0097  0.0032  0.0396
  24  0.0002  0.0149  0.0003  0.0056  0.0021  0.0041  0.0229
      43       44       45       46       47       48       49     
   1  0.0087  0.5226  0.0090  0.1527  0.0406  0.0927  0.0024
   2  0.0046  0.0114  0.0005  0.0533  0.0232  0.1373  0.0028
   3  0.0132  0.0009  0.0070  0.0554  0.0841  0.1056  0.0007
   4  0.0017  0.0000  0.0015  0.0084  0.0204  0.0220  0.0000
   5  0.0249  0.0001  0.0218  0.0213  0.0443  0.1136  0.0121
   6  0.0228  0.0001  0.0129  0.0872  0.0049  0.0409  0.0282
   7  -0.0003  0.0000  0.0084  0.0523  0.1985  0.0140  0.0828
   8  0.1943  0.0003  0.0327  0.0939  0.2894  0.0289  0.3618
   9  0.0065  0.0000  0.0016  0.0060  0.0080  0.0033  0.2509
  10  0.0062  0.0000  0.0009  0.0015  0.0006  0.0003  0.0300
  11  0.0024  0.0000  0.0004  0.0008  0.0004  0.0002  0.0071
  12  0.2667  0.0081  0.4647  0.0962  0.0789  0.1580  0.0024
  13  0.0023  0.2193  0.0018  0.0303  0.0088  0.0118  0.0004
  14  0.0014  0.0000  0.0006  0.0689  0.0041  0.0456  0.0000
  15  0.0013  0.2297  0.0053  0.0220  0.0079  0.0121  0.0004
  16  0.0017  0.0000  0.0000  0.0249  0.0048  0.0954  0.0027
  17  0.0413  0.0001  0.0137  0.0856  0.0019  0.0356  0.0205
  18  0.0012  0.0000  0.0000  0.0009  0.0285  0.0024  0.0248
  19  0.0772  0.0001  0.0034  0.0000  0.0978  0.0014  0.0492
  20  0.0927  0.0002  0.0203  0.0570  0.0303  0.0171  0.0608
  21  0.0212  0.0000  0.0029  0.0036  0.0013  0.0001  0.0589
  22  0.1544  0.0003  0.0018  0.0479  0.0007  0.0197  0.0008
  23  0.0536  0.0022  0.1429  0.0002  0.0116  0.0392  0.0001
  24  0.0001  0.0047  0.2459  0.0296  0.0091  0.0026  0.0003
      50       51       52       53       54       55       56     
   1  0.0415  0.0023  0.0027  0.0444  0.0862  0.0006  0.4036
   2  0.0229  0.0376  0.0019  0.0576  0.1638  0.0015  0.1393
   3  0.1076  0.3891  0.0015  0.0793  0.2594  0.0028  0.0220
   4  0.0270  0.1459  0.0001  0.0006  0.0006  0.0000  0.0007
   5  0.1870  0.0929  0.0175  0.0341  0.0656  0.0112  0.0014
   6  0.1581  0.0315  0.0147  0.0340  0.0496  0.0077  0.0013
   7  0.1889  0.0055  0.0072  0.1926  0.0440  0.0249  0.0019
   8  0.0410  0.0013  0.0413  0.1326  0.0408  0.0484  0.0004
   9  0.0129  0.0005  0.4924  0.0789  0.0369  0.6077  0.0005
  10  0.0034  0.0001  0.2095  0.0097  0.0009  0.0064  0.0000
  11  0.0008  0.0000  0.0051  0.0011  0.0047  0.2642  0.0001
  12  0.0320  0.1661  0.0012  0.0017  0.0045  0.0003  0.0034
  13  0.0066  0.0001  0.0004  0.0102  0.0257  0.0003  0.1350
  14  0.0009  0.0003  0.0002  0.0087  0.0261  0.0003  0.1374
  15  0.0063  0.0001  0.0004  0.0101  0.0255  0.0003  0.1349
  16  0.0246  0.0199  0.0028  0.0494  0.0941  0.0004  0.0137
  17  0.0040  0.0033  0.0110  0.0484  0.0075  0.0033  0.0002
  18  0.0946  0.0024  0.0129  0.1871  0.0501  0.0014  0.0002
  19  0.0185  0.0004  0.0244  -0.0004  0.0028  0.0025  0.0002
  20  0.0001  0.0000  -0.0002  0.0173  0.0103  0.0157  0.0001
  21  0.0035  0.0000  0.1522  0.0017  0.0000  0.0002  0.0000
  22  0.0116  0.0199  0.0004  0.0006  0.0011  0.0001  0.0012
  23  0.0035  0.0428  0.0001  0.0001  -0.0000  0.0000  0.0012
  24  0.0031  0.0378  0.0001  0.0000  0.0001  0.0000  0.0013
      57       58       59       60     
   1  0.0041  0.0015  0.0000  0.0002
   2  0.0025  0.0031  0.0001  0.0158
   3  0.0571  0.0058  0.0002  0.4051
   4  0.0061  0.0001  0.0000  0.0067
   5  0.2128  0.0765  0.0105  0.4523
   6  0.0033  0.2358  0.1018  0.0236
   7  0.0023  0.3325  0.2865  0.0005
   8  0.0017  0.1134  0.3375  0.0010
   9  0.0015  0.0893  0.1100  0.0002
  10  0.0000  0.0007  0.0007  0.0000
  11  0.0002  0.0086  0.0024  0.0000
  12  0.3331  0.0027  0.0007  0.0795
  13  0.0007  0.0002  0.0000  0.0000
  14  0.0009  0.0002  0.0000  0.0001
  15  0.0007  0.0002  0.0000  0.0000
  16  0.0006  0.0005  0.0000  0.0002
  17  0.0002  0.0398  0.0100  0.0001
  18  0.0002  0.0110  0.0214  0.0000
  19  0.0006  0.0452  0.0571  0.0002
  20  0.0004  0.0295  0.0609  0.0001
  21  0.0000  0.0001  0.0001  0.0000
  22  0.1321  0.0005  0.0001  0.0033
  23  0.1191  0.0017  0.0000  0.0063
  24  0.1198  0.0010  0.0000  0.0049


 Sorting 60 crystal orbitals.


# ******** Extended Hueckel Parameters ********
;  FORMAT  quantum number orbital: Hii, <c1>, exponent1, <c2>, <exponent2>

ATOM: C   Atomic number: 6  # Valence Electrons: 4
	2S:   -21.4000     1.6250
	2P:   -11.4000     1.6250
ATOM: N   Atomic number: 7  # Valence Electrons: 5
	2S:   -26.0000     1.9500
	2P:   -13.4000     1.9500
ATOM: O   Atomic number: 8  # Valence Electrons: 6
	2S:   -32.3000     2.2750
	2P:   -14.8000     2.2750
ATOM: H   Atomic number: 1  # Valence Electrons: 1
	1S:   -13.6000     1.3000

### TOTAL DENSITY OF STATES 
120 states are present.
#BEGIN CURVE
1.000000 -35.509689
1.000000 -34.305134
1.000000 -33.272621
1.000000 -30.779819
1.000000 -29.721874
1.000000 -26.537439
1.000000 -25.047035
1.000000 -23.338612
1.000000 -21.719091
1.000000 -20.298027
1.000000 -18.548843
1.000000 -17.794579
1.000000 -16.531355
1.000000 -16.296621
1.000000 -15.989146
1.000000 -15.889277
1.000000 -15.794687
1.000000 -15.736395
1.000000 -15.682897
1.000000 -15.606543
1.000000 -15.283268
1.000000 -15.238474
1.000000 -15.177208
1.000000 -15.054804
1.000000 -14.839176
1.000000 -14.740415
1.000000 -14.717985
1.000000 -14.663192
1.000000 -14.506825
1.000000 -13.980555
1.000000 -13.837685
1.000000 -13.506231
1.000000 -13.346302
1.000000 -11.481117
1.000000 -9.231312
1.000000 -8.508124
1.000000 -6.662302
1.000000 -0.601767
1.000000 0.058109
1.000000 0.907874
1.000000 2.469718
1.000000 3.461717
1.000000 4.020882
1.000000 4.642852
1.000000 4.830812
1.000000 5.537661
1.000000 6.047842
1.000000 6.693790
1.000000 9.048590
1.000000 10.582902
1.000000 12.405386
1.000000 14.217550
1.000000 18.659538
1.000000 21.087648
1.000000 25.765615
1.000000 32.893158
1.000000 35.827156
1.000000 37.630882
1.000000 44.464478
1.000000 51.030220
#END CURVE
# END OF DOS


;  The Fermi Level was determined for 1 K points based on
;     an ordering of 60 crystal orbitals occupied by 68.000000 electrons
;      in the unit cell (68.000000 electrons total)
#Fermi_Energy:  -11.481117
#Average Energy:  -1289.545843 eV

# Atomic Orbital Occupations
;        s      px      py      pz    dx2-y2    dz2     dxy     dxz     dyz
1 C  1.1804  0.8703  0.8336  0.9367  0.0000  0.0000  0.0000  0.0000  0.0000 
2 N  1.3900  1.1793  1.1468  1.7844  0.0000  0.0000  0.0000  0.0000  0.0000 
3 C  1.0395  0.7310  0.5925  0.9361  0.0000  0.0000  0.0000  0.0000  0.0000 
4 O  1.7652  1.9434  1.7497  1.9328  0.0000  0.0000  0.0000  0.0000  0.0000 
5 C  1.1206  0.7752  0.9174  1.1693  0.0000  0.0000  0.0000  0.0000  0.0000 
6 N  1.3531  1.1345  1.2399  1.3112  0.0000  0.0000  0.0000  0.0000  0.0000 
7 C  1.1471  0.8084  0.7845  0.7594  0.0000  0.0000  0.0000  0.0000  0.0000 
8 C  1.1564  0.9430  0.9499  0.9294  0.0000  0.0000  0.0000  0.0000  0.0000 
9 C  0.9920  0.4661  0.6563  0.5376  0.0000  0.0000  0.0000  0.0000  0.0000 
10 O  1.6423  1.8579  1.3005  1.8828  0.0000  0.0000  0.0000  0.0000  0.0000 
11 O  1.6905  1.7691  1.9604  1.7260  0.0000  0.0000  0.0000  0.0000  0.0000 
12 C  1.2003  0.9567  0.9442  0.9385  0.0000  0.0000  0.0000  0.0000  0.0000 
13 H  0.9943  0.0000  0.0000  0.0000  0.0000  0.0000  0.0000  0.0000  0.0000 
14 H  0.9885  0.0000  0.0000  0.0000  0.0000  0.0000  0.0000  0.0000  0.0000 
15 H  0.9945  0.0000  0.0000  0.0000  0.0000  0.0000  0.0000  0.0000  0.0000 
16 H  0.7741  0.0000  0.0000  0.0000  0.0000  0.0000  0.0000  0.0000  0.0000 
17 H  0.7860  0.0000  0.0000  0.0000  0.0000  0.0000  0.0000  0.0000  0.0000 
18 H  0.9633  0.0000  0.0000  0.0000  0.0000  0.0000  0.0000  0.0000  0.0000 
19 H  0.9743  0.0000  0.0000  0.0000  0.0000  0.0000  0.0000  0.0000  0.0000 
20 H  0.9645  0.0000  0.0000  0.0000  0.0000  0.0000  0.0000  0.0000  0.0000 
21 H  0.5862  0.0000  0.0000  0.0000  0.0000  0.0000  0.0000  0.0000  0.0000 
22 H  0.9828  0.0000  0.0000  0.0000  0.0000  0.0000  0.0000  0.0000  0.0000 
23 H  0.9801  0.0000  0.0000  0.0000  0.0000  0.0000  0.0000  0.0000  0.0000 
24 H  0.9793  0.0000  0.0000  0.0000  0.0000  0.0000  0.0000  0.0000  0.0000 

# AVERAGE NET CHARGES
1 C 0.178987
2 N -0.500603
3 C 0.700936
4 O -1.391081
5 C 0.017580
6 N -0.038723
7 C 0.500492
8 C 0.021278
9 C 1.348024
10 O -0.683373
11 O -1.146037
12 C -0.039658
13 H 0.005695
14 H 0.011548
15 H 0.005503
16 H 0.225859
17 H 0.213981
18 H 0.036727
19 H 0.025730
20 H 0.035469
21 H 0.413822
22 H 0.017230
23 H 0.019915
24 H 0.020700
There are a total of 68.000000 electrons.
Done!
